08:56:00.703 [main] INFO  api.tests.UserModuleTests - *********creating user************
08:56:03.555 [main] INFO  api.tests.UserModuleTests - *********created user************
08:56:03.561 [main] INFO  api.tests.UserModuleTests - *********Selecting user by user Name************
08:56:04.708 [main] INFO  api.tests.UserModuleTests - *********Selected user by user Name************
08:56:04.711 [main] INFO  api.tests.UserModuleTests - *********Updating user by user Name************
08:56:07.058 [main] INFO  api.tests.UserModuleTests - *********Updated user by user Name************
08:56:07.064 [main] INFO  api.tests.UserModuleTests - *********Deleting user by user Name************
08:56:08.213 [main] INFO  api.tests.UserModuleTests - *********Deleted user by user Name************
11:22:41.540 [main] INFO  api.tests.UserModuleTestsbyProperties - *********creating user************
11:22:43.106 [main] INFO  api.tests.UserModuleTestsbyProperties - *********Selecting user by user Name************
11:22:43.159 [main] INFO  api.tests.UserModuleTestsbyProperties - *********Updating user by user Name************
11:22:43.189 [main] INFO  api.tests.UserModuleTestsbyProperties - *********Deleting user by user Name************
11:23:15.045 [main] INFO  api.tests.UserModuleTestsbyProperties - *********creating user************
11:23:16.387 [main] INFO  api.tests.UserModuleTestsbyProperties - *********Selecting user by user Name************
11:23:16.431 [main] INFO  api.tests.UserModuleTestsbyProperties - *********Updating user by user Name************
11:23:16.452 [main] INFO  api.tests.UserModuleTestsbyProperties - *********Deleting user by user Name************
11:24:31.410 [main] INFO  api.tests.UserModuleTestsbyProperties - *********creating user************
11:24:32.775 [main] INFO  api.tests.UserModuleTestsbyProperties - *********Selecting user by user Name************
11:24:32.820 [main] INFO  api.tests.UserModuleTestsbyProperties - *********Updating user by user Name************
11:24:32.840 [main] INFO  api.tests.UserModuleTestsbyProperties - *********Deleting user by user Name************
11:27:43.223 [main] INFO  api.tests.UserModuleTestsbyProperties - *********creating user************
11:27:45.849 [main] INFO  api.tests.UserModuleTestsbyProperties - *********created user************
11:27:45.857 [main] INFO  api.tests.UserModuleTestsbyProperties - *********Selecting user by user Name************
11:27:45.891 [main] INFO  api.tests.UserModuleTestsbyProperties - *********Updating user by user Name************
11:27:45.908 [main] INFO  api.tests.UserModuleTestsbyProperties - *********Deleting user by user Name************
11:28:37.391 [main] INFO  api.tests.UserModuleTestsbyProperties - *********creating user************
11:28:38.103 [main] INFO  api.tests.UserModuleTestsbyProperties - *********Selecting user by user Name************
11:28:38.118 [main] INFO  api.tests.UserModuleTestsbyProperties - *********Updating user by user Name************
11:28:38.126 [main] INFO  api.tests.UserModuleTestsbyProperties - *********Deleting user by user Name************
11:29:43.131 [main] INFO  api.tests.UserModuleTestsbyProperties - *********creating user************
11:29:45.648 [main] INFO  api.tests.UserModuleTestsbyProperties - *********Selecting user by user Name************
11:29:46.773 [main] INFO  api.tests.UserModuleTestsbyProperties - *********Updating user by user Name************
11:29:49.103 [main] INFO  api.tests.UserModuleTestsbyProperties - *********Deleting user by user Name************
11:31:25.147 [main] INFO  api.tests.UserModuleTestsbyProperties - *********creating user************
11:31:27.688 [main] INFO  api.tests.UserModuleTestsbyProperties - *********created user************
11:31:27.695 [main] INFO  api.tests.UserModuleTestsbyProperties - *********Selecting user by user Name************
11:31:28.819 [main] INFO  api.tests.UserModuleTestsbyProperties - *********Selected user by user Name************
11:31:28.824 [main] INFO  api.tests.UserModuleTestsbyProperties - *********Updating user by user Name************
11:31:31.123 [main] INFO  api.tests.UserModuleTestsbyProperties - *********Updated user by user Name************
11:31:31.127 [main] INFO  api.tests.UserModuleTestsbyProperties - *********Deleting user by user Name************
11:31:32.254 [main] INFO  api.tests.UserModuleTestsbyProperties - *********Deleted user by user Name************
11:41:02.082 [main] INFO  api.tests.UserModuleTestsbyProperties - *********creating user************
11:41:04.698 [main] INFO  api.tests.UserModuleTestsbyProperties - *********created user************
11:41:04.702 [main] INFO  api.tests.UserModuleTestsbyProperties - *********Selecting user by user Name************
11:41:05.854 [main] INFO  api.tests.UserModuleTestsbyProperties - *********Selected user by user Name************
11:41:05.856 [main] INFO  api.tests.UserModuleTestsbyProperties - *********Updating user by user Name************
11:41:08.157 [main] INFO  api.tests.UserModuleTestsbyProperties - *********Updated user by user Name************
11:41:08.160 [main] INFO  api.tests.UserModuleTestsbyProperties - *********Deleting user by user Name************
11:41:09.286 [main] INFO  api.tests.UserModuleTestsbyProperties - *********Deleted user by user Name************
11:49:25.738 [main] INFO  api.tests.UserModuleTestsbyProperties - *********creating user************
11:49:29.386 [main] INFO  api.tests.UserModuleTestsbyProperties - *********created user************
11:49:29.391 [main] INFO  api.tests.UserModuleTestsbyProperties - *********Selecting user by user Name************
11:49:30.545 [main] INFO  api.tests.UserModuleTestsbyProperties - *********Selected user by user Name************
11:49:30.548 [main] INFO  api.tests.UserModuleTestsbyProperties - *********Updating user by user Name************
11:49:32.920 [main] INFO  api.tests.UserModuleTestsbyProperties - *********Updated user by user Name************
11:49:32.922 [main] INFO  api.tests.UserModuleTestsbyProperties - *********Deleting user by user Name************
11:49:34.033 [main] INFO  api.tests.UserModuleTestsbyProperties - *********Deleted user by user Name************
